\BOOKMARK [0][-]{chapter.1}{\376\377\000P\000r\000\351\000s\000e\000n\000t\000a\000t\000i\000o\000n\000\040\000p\000e\000r\000s\000o\000n\000n\000e\000l\000l\000e\000\040\000e\000t\000\040\000d\000u\000\040\000p\000r\000o\000j\000e\000t}{}% 1
\BOOKMARK [1][-]{section.1.1}{\376\377\000R\000\364\000l\000e\000\040\000d\000u\000\040\000c\000a\000n\000d\000i\000d\000a\000t\000\040\000e\000t\000\040\000c\000o\000n\000t\000e\000x\000t\000e}{chapter.1}% 2
\BOOKMARK [1][-]{section.1.2}{\376\377\000P\000r\000o\000b\000l\000\351\000m\000a\000t\000i\000q\000u\000e\000\040\000e\000t\000\040\000o\000b\000j\000e\000c\000t\000i\000f\000s\000\040\000S\000M\000A\000R\000T}{chapter.1}% 3
\BOOKMARK [1][-]{section.1.3}{\376\377\000L\000i\000e\000n\000s\000\040\000u\000t\000i\000l\000e\000s}{chapter.1}% 4
\BOOKMARK [0][-]{chapter.2}{\376\377\000C\000a\000d\000r\000a\000g\000e\000\040\000e\000t\000\040\000c\000a\000h\000i\000e\000r\000\040\000d\000e\000s\000\040\000c\000h\000a\000r\000g\000e\000s}{}% 5
\BOOKMARK [1][-]{section.2.1}{\376\377\000O\000b\000j\000e\000c\000t\000i\000f\000s\000\040\000m\000\351\000t\000i\000e\000r\000,\000\040\000t\000e\000c\000h\000n\000i\000q\000u\000e\000s\000\040\000e\000t\000\040\000p\000\351\000d\000a\000g\000o\000g\000i\000q\000u\000e\000s}{chapter.2}% 6
\BOOKMARK [1][-]{section.2.2}{\376\377\000C\000o\000m\000m\000e\000n\000t\000\040\000j\000e\000\040\000m\000e\000s\000u\000r\000e\000\040\000l\000a\000\040\000r\000\351\000u\000s\000s\000i\000t\000e\000\040\000d\000u\000\040\000p\000r\000o\000j\000e\000t}{chapter.2}% 7
\BOOKMARK [1][-]{section.2.3}{\376\377\000P\000o\000u\000r\000q\000u\000o\000i\000\040\000j\000'\000a\000i\000\040\000c\000h\000o\000i\000s\000i\000\040\000c\000e\000t\000t\000e\000\040\000s\000t\000a\000c\000k\000\040\000t\000e\000c\000h\000n\000i\000q\000u\000e}{chapter.2}% 8
\BOOKMARK [1][-]{section.2.4}{\376\377\000P\000r\000i\000o\000r\000i\000s\000a\000t\000i\000o\000n\000\040\000d\000e\000s\000\040\000f\000o\000n\000c\000t\000i\000o\000n\000n\000a\000l\000i\000t\000\351\000s\000\040\000\050\000M\000o\000S\000C\000o\000W\000\051}{chapter.2}% 9
\BOOKMARK [1][-]{section.2.5}{\376\377\000S\000c\000\351\000n\000a\000r\000i\000o\000s\000\040\000d\000e\000\040\000t\000e\000s\000t\000\040\000c\000o\000n\000c\000r\000e\000t\000s\000\040\000\050\000f\000o\000r\000m\000a\000t\000\040\000G\000h\000e\000r\000k\000i\000n\000\051}{chapter.2}% 10
\BOOKMARK [1][-]{section.2.6}{\376\377\000L\000e\000s\000\040\000p\000e\000r\000s\000o\000n\000n\000e\000s\000\040\000c\000o\000n\000c\000e\000r\000n\000\351\000e\000s\000\040\000e\000t\000\040\000l\000e\000s\000\040\000r\000i\000s\000q\000u\000e\000s}{chapter.2}% 11
\BOOKMARK [1][-]{section.2.7}{\376\377\000L\000e\000s\000\040\000f\000o\000n\000c\000t\000i\000o\000n\000n\000a\000l\000i\000t\000\351\000s\000\040\000e\000n\000\040\000d\000\351\000t\000a\000i\000l}{chapter.2}% 12
\BOOKMARK [1][-]{section.2.8}{\376\377\000F\000e\000u\000i\000l\000l\000e\000\040\000d\000e\000\040\000r\000o\000u\000t\000e\000\040\000\050\000R\000o\000a\000d\000m\000a\000p\000\051}{chapter.2}% 13
\BOOKMARK [1][-]{section.2.9}{\376\377\000L\000i\000e\000n\000s\000\040\000u\000t\000i\000l\000e\000s}{chapter.2}% 14
\BOOKMARK [0][-]{chapter.3}{\376\377\000M\000\351\000t\000h\000o\000d\000o\000l\000o\000g\000i\000e\000\040\000e\000t\000\040\000o\000r\000g\000a\000n\000i\000s\000a\000t\000i\000o\000n}{}% 15
\BOOKMARK [1][-]{section.3.1}{\376\377\000C\000o\000m\000m\000e\000n\000t\000\040\000j\000'\000o\000r\000g\000a\000n\000i\000s\000e\000\040\000m\000o\000n\000\040\000t\000r\000a\000v\000a\000i\000l\000\040\000a\000v\000e\000c\000\040\000G\000i\000t\000H\000u\000b}{chapter.3}% 16
\BOOKMARK [2][-]{subsection.3.1.1}{\376\377\000P\000o\000u\000r\000q\000u\000o\000i\000\040\000j\000'\000a\000i\000\040\000c\000h\000o\000i\000s\000i\000\040\000u\000n\000e\000\040\000m\000\351\000t\000h\000o\000d\000e\000\040\000A\000g\000i\000l\000e\000.\000.\000.\000\040\000a\000d\000a\000p\000t\000\351\000e\000\040\000a\000u\000\040\000s\000o\000l\000o}{section.3.1}% 17
\BOOKMARK [2][-]{subsection.3.1.2}{\376\377\000M\000o\000n\000\040\000a\000d\000a\000p\000t\000a\000t\000i\000o\000n\000\040\000d\000e\000\040\000G\000i\000t\000F\000l\000o\000w}{section.3.1}% 18
\BOOKMARK [2][-]{subsection.3.1.3}{\376\377\000M\000e\000s\000\040\000"\000r\000i\000t\000u\000e\000l\000s\000"\000\040\000A\000g\000i\000l\000e\000s\000,\000\040\000v\000e\000r\000s\000i\000o\000n\000\040\000s\000o\000l\000o}{section.3.1}% 19
\BOOKMARK [2][-]{subsection.3.1.4}{\376\377\000C\000e\000\040\000q\000u\000e\000\040\000m\000e\000\040\000d\000i\000s\000e\000n\000t\000\040\000m\000e\000s\000\040\000m\000\351\000t\000r\000i\000q\000u\000e\000s}{section.3.1}% 20
\BOOKMARK [2][-]{subsection.3.1.5}{\376\377\000M\000o\000n\000\040\000t\000a\000b\000l\000e\000a\000u\000\040\000K\000a\000n\000b\000a\000n}{section.3.1}% 21
\BOOKMARK [2][-]{subsection.3.1.6}{\376\377\000C\000o\000m\000m\000e\000n\000t\000\040\000j\000'\000e\000s\000t\000i\000m\000e\000\040\000m\000e\000s\000\040\000t\000\342\000c\000h\000e\000s}{section.3.1}% 22
\BOOKMARK [1][-]{section.3.2}{\376\377\000M\000e\000s\000\040\000r\000\350\000g\000l\000e\000s\000\040\000p\000o\000u\000r\000\040\000u\000n\000\040\000c\000o\000d\000e\000\040\000p\000r\000o\000p\000r\000e\000\040\000\050\000v\000e\000r\000s\000i\000o\000n\000i\000n\000g\000\040\000e\000t\000\040\000c\000o\000n\000v\000e\000n\000t\000i\000o\000n\000s\000\051}{chapter.3}% 23
\BOOKMARK [2][-]{subsection.3.2.1}{\376\377\000L\000e\000\040\000f\000i\000c\000h\000i\000e\000r\000\040\000C\000O\000N\000T\000R\000I\000B\000U\000T\000I\000N\000G\000.\000m\000d}{section.3.2}% 24
\BOOKMARK [2][-]{subsection.3.2.2}{\376\377\000C\000o\000m\000m\000e\000n\000t\000\040\000j\000e\000\040\000n\000o\000m\000m\000e\000\040\000m\000e\000s\000\040\000b\000r\000a\000n\000c\000h\000e\000s}{section.3.2}% 25
\BOOKMARK [2][-]{subsection.3.2.3}{\376\377\000C\000o\000m\000m\000e\000n\000t\000\040\000j\000e\000\040\000n\000o\000m\000m\000e\000\040\000m\000e\000s\000\040\000c\000o\000m\000m\000i\000t\000s}{section.3.2}% 26
\BOOKMARK [2][-]{subsection.3.2.4}{\376\377\000M\000a\000\040\000"\000D\000e\000f\000i\000n\000i\000t\000i\000o\000n\000\040\000o\000f\000\040\000D\000o\000n\000e\000"}{section.3.2}% 27
\BOOKMARK [1][-]{section.3.3}{\376\377\000C\000o\000m\000m\000e\000n\000t\000\040\000j\000e\000\040\000p\000l\000a\000n\000i\000f\000i\000e\000\040\000e\000t\000\040\000j\000e\000\040\000s\000u\000i\000s\000\040\000m\000o\000n\000\040\000a\000v\000a\000n\000c\000e\000m\000e\000n\000t}{chapter.3}% 28
\BOOKMARK [2][-]{subsection.3.3.1}{\376\377\000U\000n\000\040\000o\000u\000t\000i\000l\000,\000\040\000d\000e\000u\000x\000\040\000v\000u\000e\000s}{section.3.3}% 29
\BOOKMARK [2][-]{subsection.3.3.2}{\376\377\000E\000x\000t\000r\000a\000i\000t\000\040\000d\000e\000\040\000m\000a\000\040\000r\000o\000a\000d\000m\000a\000p}{section.3.3}% 30
\BOOKMARK [2][-]{subsection.3.3.3}{\376\377\000L\000e\000\040\000l\000i\000e\000n\000\040\000e\000n\000t\000r\000e\000\040\000u\000s\000e\000r\000\040\000s\000t\000o\000r\000i\000e\000s\000,\000\040\000t\000e\000s\000t\000s\000\040\000e\000t\000\040\000j\000a\000l\000o\000n\000s}{section.3.3}% 31
\BOOKMARK [1][-]{section.3.4}{\376\377\000E\000s\000t\000i\000m\000a\000t\000i\000o\000n\000\040\000g\000l\000o\000b\000a\000l\000e\000\040\000d\000u\000\040\000p\000r\000o\000j\000e\000t}{chapter.3}% 32
\BOOKMARK [2][-]{subsection.3.4.1}{\376\377\000D\000\351\000t\000a\000i\000l\000\040\000p\000a\000r\000\040\000g\000r\000a\000n\000d\000e\000\040\000f\000o\000n\000c\000t\000i\000o\000n\000n\000a\000l\000i\000t\000\351}{section.3.4}% 33
\BOOKMARK [1][-]{section.3.5}{\376\377\000C\000e\000\040\000q\000u\000e\000\040\000j\000e\000\040\000r\000e\000t\000i\000r\000e\000\040\000d\000e\000\040\000c\000e\000t\000t\000e\000\040\000o\000r\000g\000a\000n\000i\000s\000a\000t\000i\000o\000n}{chapter.3}% 34
\BOOKMARK [1][-]{section.3.6}{\376\377\000L\000i\000e\000n\000s\000\040\000u\000t\000i\000l\000e\000s}{chapter.3}% 35
\BOOKMARK [0][-]{chapter.4}{\376\377\000C\000o\000n\000c\000e\000p\000t\000i\000o\000n\000\040\000f\000o\000n\000c\000t\000i\000o\000n\000n\000e\000l\000l\000e\000\040\000e\000t\000\040\000t\000e\000c\000h\000n\000i\000q\000u\000e}{}% 36
\BOOKMARK [1][-]{section.4.1}{\376\377\000L\000e\000s\000\040\000c\000a\000s\000\040\000d\000'\000u\000s\000a\000g\000e\000\040\000\050\000U\000s\000e\000\040\000C\000a\000s\000e\000s\000\051}{chapter.4}% 37
\BOOKMARK [2][-]{subsection.4.1.1}{\376\377\000L\000e\000s\000\040\000a\000c\000t\000e\000u\000r\000s\000\040\000d\000u\000\040\000s\000y\000s\000t\000\350\000m\000e}{section.4.1}% 38
\BOOKMARK [2][-]{subsection.4.1.2}{\376\377\000L\000e\000s\000\040\000c\000a\000s\000\040\000d\000'\000u\000s\000a\000g\000e\000\040\000p\000r\000i\000n\000c\000i\000p\000a\000u\000x}{section.4.1}% 39
\BOOKMARK [2][-]{subsection.4.1.3}{\376\377\000E\000x\000e\000m\000p\000l\000e\000\040\000d\000\351\000t\000a\000i\000l\000l\000\351\000\040\000:\000\040\000C\000o\000n\000s\000u\000l\000t\000a\000t\000i\000o\000n\000\040\000d\000'\000u\000n\000\040\000g\000u\000i\000d\000e}{section.4.1}% 40
\BOOKMARK [1][-]{section.4.2}{\376\377\000L\000e\000s\000\040\000d\000i\000a\000g\000r\000a\000m\000m\000e\000s\000\040\000d\000e\000\040\000s\000\351\000q\000u\000e\000n\000c\000e}{chapter.4}% 41
\BOOKMARK [1][-]{section.4.3}{\376\377\000L\000a\000\040\000c\000o\000n\000c\000e\000p\000t\000i\000o\000n\000\040\000d\000e\000\040\000l\000'\000i\000n\000t\000e\000r\000f\000a\000c\000e}{chapter.4}% 42
\BOOKMARK [2][-]{subsection.4.3.1}{\376\377\000L\000'\000a\000r\000c\000h\000i\000t\000e\000c\000t\000u\000r\000e\000\040\000d\000e\000s\000\040\000c\000o\000m\000p\000o\000s\000a\000n\000t\000s\000\040\000R\000e\000a\000c\000t}{section.4.3}% 43
\BOOKMARK [2][-]{subsection.4.3.2}{\376\377\000E\000x\000e\000m\000p\000l\000e\000\040\000:\000\040\000l\000e\000\040\000c\000o\000m\000p\000o\000s\000a\000n\000t\000\040\000G\000u\000i\000d\000e\000V\000i\000e\000w\000e\000r}{section.4.3}% 44
\BOOKMARK [2][-]{subsection.4.3.3}{\376\377\000L\000a\000\040\000c\000h\000a\000r\000t\000e\000\040\000g\000r\000a\000p\000h\000i\000q\000u\000e}{section.4.3}% 45
\BOOKMARK [1][-]{section.4.4}{\376\377\000L\000a\000\040\000c\000o\000n\000c\000e\000p\000t\000i\000o\000n\000\040\000d\000e\000\040\000l\000a\000\040\000b\000a\000s\000e\000\040\000d\000e\000\040\000d\000o\000n\000n\000\351\000e\000s}{chapter.4}% 46
\BOOKMARK [2][-]{subsection.4.4.1}{\376\377\000L\000e\000\040\000M\000o\000d\000\350\000l\000e\000\040\000C\000o\000n\000c\000e\000p\000t\000u\000e\000l\000\040\000d\000e\000\040\000D\000o\000n\000n\000\351\000e\000s\000\040\000\050\000M\000C\000D\000\051}{section.4.4}% 47
\BOOKMARK [2][-]{subsection.4.4.2}{\376\377\000L\000e\000\040\000M\000o\000d\000\350\000l\000e\000\040\000P\000h\000y\000s\000i\000q\000u\000e\000\040\000d\000e\000\040\000D\000o\000n\000n\000\351\000e\000s\000\040\000\050\000M\000P\000D\000\051\000\040\000a\000v\000e\000c\000\040\000P\000r\000i\000s\000m\000a}{section.4.4}% 48
\BOOKMARK [2][-]{subsection.4.4.3}{\376\377\000P\000o\000u\000r\000q\000u\000o\000i\000\040\000p\000l\000u\000s\000i\000e\000u\000r\000s\000\040\000b\000a\000s\000e\000s\000\040\000?}{section.4.4}% 49
\BOOKMARK [1][-]{section.4.5}{\376\377\000L\000'\000a\000r\000c\000h\000i\000t\000e\000c\000t\000u\000r\000e\000\040\000t\000e\000c\000h\000n\000i\000q\000u\000e\000\040\000d\000\351\000t\000a\000i\000l\000l\000\351\000e}{chapter.4}% 50
\BOOKMARK [2][-]{subsection.4.5.1}{\376\377\000C\000o\000u\000c\000h\000e\000\040\000P\000r\000\351\000s\000e\000n\000t\000a\000t\000i\000o\000n\000\040\000\050\000F\000r\000o\000n\000t\000e\000n\000d\000\051}{section.4.5}% 51
\BOOKMARK [2][-]{subsection.4.5.2}{\376\377\000C\000o\000u\000c\000h\000e\000\040\000M\000\351\000t\000i\000e\000r\000\040\000\050\000B\000a\000c\000k\000e\000n\000d\000\051}{section.4.5}% 52
\BOOKMARK [2][-]{subsection.4.5.3}{\376\377\000C\000o\000u\000c\000h\000e\000\040\000D\000o\000n\000n\000\351\000e\000s}{section.4.5}% 53
\BOOKMARK [1][-]{section.4.6}{\376\377\000M\000a\000\040\000s\000t\000r\000a\000t\000\351\000g\000i\000e\000\040\000d\000e\000\040\000t\000e\000s\000t\000s}{chapter.4}% 54
\BOOKMARK [2][-]{subsection.4.6.1}{\376\377\000O\000b\000j\000e\000c\000t\000i\000f\000s\000\040\000d\000e\000\040\000c\000o\000u\000v\000e\000r\000t\000u\000r\000e}{section.4.6}% 55
\BOOKMARK [2][-]{subsection.4.6.2}{\376\377\000E\000x\000e\000m\000p\000l\000e\000\040\000:\000\040\000t\000e\000s\000t\000\040\000d\000u\000\040\000s\000e\000r\000v\000i\000c\000e\000\040\000S\000q\000u\000a\000d\000S\000e\000r\000v\000i\000c\000e}{section.4.6}% 56
\BOOKMARK [1][-]{section.4.7}{\376\377\000L\000e\000\040\000d\000\351\000p\000l\000o\000i\000e\000m\000e\000n\000t}{chapter.4}% 57
\BOOKMARK [2][-]{subsection.4.7.1}{\376\377\000E\000n\000v\000i\000r\000o\000n\000n\000e\000m\000e\000n\000t\000s}{section.4.7}% 58
\BOOKMARK [2][-]{subsection.4.7.2}{\376\377\000D\000o\000c\000k\000e\000r\000\040\000C\000o\000m\000p\000o\000s\000e}{section.4.7}% 59
\BOOKMARK [2][-]{subsection.4.7.3}{\376\377\000C\000I\000/\000C\000D\000\040\000e\000t\000\040\000m\000o\000n\000i\000t\000o\000r\000i\000n\000g}{section.4.7}% 60
\BOOKMARK [1][-]{section.4.8}{\376\377\000C\000e\000\040\000q\000u\000e\000\040\000j\000e\000\040\000r\000e\000t\000i\000r\000e\000\040\000d\000e\000\040\000c\000e\000t\000t\000e\000\040\000c\000o\000n\000c\000e\000p\000t\000i\000o\000n}{chapter.4}% 61
\BOOKMARK [1][-]{section.4.9}{\376\377\000M\000a\000q\000u\000e\000t\000t\000e\000s\000\040\000e\000t\000\040\000w\000i\000r\000e\000f\000r\000a\000m\000e\000s}{chapter.4}% 62
\BOOKMARK [2][-]{subsection.4.9.1}{\376\377\000Z\000o\000n\000i\000n\000g\000\040\000\050\000a\000r\000c\000h\000i\000t\000e\000c\000t\000u\000r\000e\000\040\000d\000e\000s\000\040\000p\000a\000g\000e\000s\000\051}{section.4.9}% 63
\BOOKMARK [2][-]{subsection.4.9.2}{\376\377\000W\000i\000r\000e\000f\000r\000a\000m\000e\000s\000\040\000\050\000m\000a\000q\000u\000e\000t\000t\000e\000s\000\040\000b\000a\000s\000s\000e\000\040\000f\000i\000d\000\351\000l\000i\000t\000\351\000\051}{section.4.9}% 64
\BOOKMARK [2][-]{subsection.4.9.3}{\376\377\000M\000a\000q\000u\000e\000t\000t\000e\000s\000\040\000h\000a\000u\000t\000e\000\040\000f\000i\000d\000\351\000l\000i\000t\000\351}{section.4.9}% 65
\BOOKMARK [1][-]{section.4.10}{\376\377\000L\000i\000e\000n\000s\000\040\000u\000t\000i\000l\000e\000s}{chapter.4}% 66
\BOOKMARK [0][-]{chapter.5}{\376\377\000A\000r\000c\000h\000i\000t\000e\000c\000t\000u\000r\000e\000\040\0003\000\040\000t\000i\000e\000r\000s}{}% 67
\BOOKMARK [1][-]{section.5.1}{\376\377\000A\000r\000c\000h\000i\000t\000e\000c\000t\000u\000r\000e\000\040\0003\000\040\000t\000i\000e\000r\000s}{chapter.5}% 68
\BOOKMARK [2][-]{subsection.5.1.1}{\376\377\000C\000o\000u\000c\000h\000e\000\040\000P\000r\000\351\000s\000e\000n\000t\000a\000t\000i\000o\000n\000\040\000\050\000F\000r\000o\000n\000t\000e\000n\000d\000\051}{section.5.1}% 69
\BOOKMARK [2][-]{subsection.5.1.2}{\376\377\000C\000o\000u\000c\000h\000e\000\040\000L\000o\000g\000i\000q\000u\000e\000\040\000M\000\351\000t\000i\000e\000r\000\040\000\050\000B\000a\000c\000k\000e\000n\000d\000\051}{section.5.1}% 70
\BOOKMARK [2][-]{subsection.5.1.3}{\376\377\000C\000o\000u\000c\000h\000e\000\040\000D\000o\000n\000n\000\351\000e\000s\000\040\000\050\000D\000a\000t\000a\000b\000a\000s\000e\000\051}{section.5.1}% 71
\BOOKMARK [2][-]{subsection.5.1.4}{\376\377\000C\000o\000m\000m\000u\000n\000i\000c\000a\000t\000i\000o\000n\000\040\000e\000n\000t\000r\000e\000\040\000l\000e\000s\000\040\000t\000i\000e\000r\000s}{section.5.1}% 72
\BOOKMARK [2][-]{subsection.5.1.5}{\376\377\000A\000v\000a\000n\000t\000a\000g\000e\000s\000\040\000d\000e\000\040\000l\000'\000a\000r\000c\000h\000i\000t\000e\000c\000t\000u\000r\000e\000\040\0003\000\040\000t\000i\000e\000r\000s}{section.5.1}% 73
\BOOKMARK [1][-]{section.5.2}{\376\377\000L\000i\000e\000n\000s\000\040\000u\000t\000i\000l\000e\000s}{chapter.5}% 74
\BOOKMARK [0][-]{chapter.6}{\376\377\000S\000\351\000c\000u\000r\000i\000t\000\351\000\040\000a\000p\000p\000l\000i\000c\000a\000t\000i\000v\000e\000\040\000e\000t\000\040\000R\000G\000P\000D}{}% 75
\BOOKMARK [1][-]{section.6.1}{\376\377\000P\000o\000u\000r\000q\000u\000o\000i\000\040\000l\000a\000\040\000s\000\351\000c\000u\000r\000i\000t\000\351\000\040\000e\000s\000t\000\040\000c\000r\000u\000c\000i\000a\000l\000e\000\040\000p\000o\000u\000r\000\040\000c\000e\000\040\000p\000r\000o\000j\000e\000t}{chapter.6}% 76
\BOOKMARK [1][-]{section.6.2}{\376\377\000P\000r\000o\000t\000e\000c\000t\000i\000o\000n\000\040\000c\000o\000n\000t\000r\000e\000\040\000l\000e\000s\000\040\000v\000u\000l\000n\000\351\000r\000a\000b\000i\000l\000i\000t\000\351\000s\000\040\000O\000W\000A\000S\000P}{chapter.6}% 77
\BOOKMARK [2][-]{subsection.6.2.1}{\376\377\000I\000n\000j\000e\000c\000t\000i\000o\000n\000\040\000S\000Q\000L\000\040\000\050\000r\000e\000q\000u\000\352\000t\000e\000s\000\040\000p\000a\000r\000a\000m\000\351\000t\000r\000\351\000e\000s\000\051}{section.6.2}% 78
\BOOKMARK [2][-]{subsection.6.2.2}{\376\377\000X\000S\000S\000\040\000\050\000C\000r\000o\000s\000s\000-\000S\000i\000t\000e\000\040\000S\000c\000r\000i\000p\000t\000i\000n\000g\000\051}{section.6.2}% 79
\BOOKMARK [2][-]{subsection.6.2.3}{\376\377\000C\000S\000R\000F\000\040\000\050\000C\000r\000o\000s\000s\000-\000S\000i\000t\000e\000\040\000R\000e\000q\000u\000e\000s\000t\000\040\000F\000o\000r\000g\000e\000r\000y\000\051}{section.6.2}% 80
\BOOKMARK [2][-]{subsection.6.2.4}{\376\377\000F\000a\000i\000l\000l\000e\000\040\000d\000'\000a\000u\000t\000h\000e\000n\000t\000i\000f\000i\000c\000a\000t\000i\000o\000n}{section.6.2}% 81
\BOOKMARK [2][-]{subsection.6.2.5}{\376\377\000H\000e\000a\000d\000e\000r\000s\000\040\000d\000e\000\040\000s\000\351\000c\000u\000r\000i\000t\000\351}{section.6.2}% 82
\BOOKMARK [1][-]{section.6.3}{\376\377\000A\000u\000t\000h\000e\000n\000t\000i\000f\000i\000c\000a\000t\000i\000o\000n\000\040\000e\000t\000\040\000a\000u\000t\000o\000r\000i\000s\000a\000t\000i\000o\000n}{chapter.6}% 83
\BOOKMARK [2][-]{subsection.6.3.1}{\376\377\000L\000e\000\040\000f\000l\000u\000x\000\040\000O\000A\000u\000t\000h\000\040\000a\000v\000e\000c\000\040\000B\000u\000n\000g\000i\000e}{section.6.3}% 84
\BOOKMARK [2][-]{subsection.6.3.2}{\376\377\000G\000e\000s\000t\000i\000o\000n\000\040\000s\000\351\000c\000u\000r\000i\000s\000\351\000e\000\040\000d\000e\000s\000\040\000t\000o\000k\000e\000n\000s}{section.6.3}% 85
\BOOKMARK [2][-]{subsection.6.3.3}{\376\377\000S\000y\000s\000t\000\350\000m\000e\000\040\000d\000e\000\040\000r\000\364\000l\000e\000s\000\040\000e\000t\000\040\000p\000e\000r\000m\000i\000s\000s\000i\000o\000n\000s}{section.6.3}% 86
\BOOKMARK [1][-]{section.6.4}{\376\377\000C\000o\000n\000f\000o\000r\000m\000i\000t\000\351\000\040\000R\000G\000P\000D}{chapter.6}% 87
\BOOKMARK [2][-]{subsection.6.4.1}{\376\377\000Q\000u\000e\000l\000l\000e\000s\000\040\000d\000o\000n\000n\000\351\000e\000s\000\040\000j\000e\000\040\000c\000o\000l\000l\000e\000c\000t\000e\000\040\000e\000t\000\040\000p\000o\000u\000r\000q\000u\000o\000i}{section.6.4}% 88
\BOOKMARK [2][-]{subsection.6.4.2}{\376\377\000B\000a\000s\000e\000\040\000l\000\351\000g\000a\000l\000e\000\040\000d\000u\000\040\000t\000r\000a\000i\000t\000e\000m\000e\000n\000t}{section.6.4}% 89
\BOOKMARK [2][-]{subsection.6.4.3}{\376\377\000D\000r\000o\000i\000t\000s\000\040\000d\000e\000s\000\040\000u\000t\000i\000l\000i\000s\000a\000t\000e\000u\000r\000s}{section.6.4}% 90
\BOOKMARK [2][-]{subsection.6.4.4}{\376\377\000D\000u\000r\000\351\000e\000\040\000d\000e\000\040\000c\000o\000n\000s\000e\000r\000v\000a\000t\000i\000o\000n}{section.6.4}% 91
\BOOKMARK [2][-]{subsection.6.4.5}{\376\377\000S\000\351\000c\000u\000r\000i\000t\000\351\000\040\000t\000e\000c\000h\000n\000i\000q\000u\000e\000\040\000d\000e\000s\000\040\000d\000o\000n\000n\000\351\000e\000s}{section.6.4}% 92
\BOOKMARK [1][-]{section.6.5}{\376\377\000M\000o\000n\000i\000t\000o\000r\000i\000n\000g\000\040\000e\000t\000\040\000d\000\351\000t\000e\000c\000t\000i\000o\000n\000\040\000d\000'\000i\000n\000c\000i\000d\000e\000n\000t\000s}{chapter.6}% 93
\BOOKMARK [2][-]{subsection.6.5.1}{\376\377\000C\000e\000\040\000q\000u\000e\000\040\000j\000e\000\040\000s\000u\000r\000v\000e\000i\000l\000l\000e}{section.6.5}% 94
\BOOKMARK [2][-]{subsection.6.5.2}{\376\377\000P\000l\000a\000n\000\040\000d\000e\000\040\000r\000\351\000p\000o\000n\000s\000e\000\040\000\340\000\040\000i\000n\000c\000i\000d\000e\000n\000t}{section.6.5}% 95
\BOOKMARK [1][-]{section.6.6}{\376\377\000C\000e\000\040\000q\000u\000e\000\040\000j\000'\000a\000i\000\040\000a\000p\000p\000r\000i\000s\000\040\000s\000u\000r\000\040\000l\000a\000\040\000s\000\351\000c\000u\000r\000i\000t\000\351}{chapter.6}% 96
\BOOKMARK [1][-]{section.6.7}{\376\377\000L\000i\000e\000n\000s\000\040\000u\000t\000i\000l\000e\000s}{chapter.6}% 97
\BOOKMARK [0][-]{chapter.7}{\376\377\000T\000e\000s\000t\000s\000\040\000e\000t\000\040\000q\000u\000a\000l\000i\000t\000\351\000\040\000l\000o\000g\000i\000c\000i\000e\000l\000l\000e}{}% 98
\BOOKMARK [1][-]{section.7.1}{\376\377\000M\000a\000\040\000s\000t\000r\000a\000t\000\351\000g\000i\000e\000\040\000d\000e\000\040\000t\000e\000s\000t\000s}{chapter.7}% 99
\BOOKMARK [2][-]{subsection.7.1.1}{\376\377\000L\000e\000s\000\040\000d\000i\000f\000f\000\351\000r\000e\000n\000t\000s\000\040\000t\000y\000p\000e\000s\000\040\000d\000e\000\040\000t\000e\000s\000t\000s}{section.7.1}% 100
\BOOKMARK [2][-]{subsection.7.1.2}{\376\377\000E\000x\000e\000m\000p\000l\000e\000\040\000d\000e\000\040\000t\000e\000s\000t\000\040\000u\000n\000i\000t\000a\000i\000r\000e}{section.7.1}% 101
\BOOKMARK [2][-]{subsection.7.1.3}{\376\377\000E\000x\000e\000m\000p\000l\000e\000\040\000d\000e\000\040\000t\000e\000s\000t\000\040\000d\000'\000i\000n\000t\000\351\000g\000r\000a\000t\000i\000o\000n}{section.7.1}% 102
\BOOKMARK [1][-]{section.7.2}{\376\377\000T\000e\000s\000t\000s\000\040\000d\000e\000\040\000p\000e\000r\000f\000o\000r\000m\000a\000n\000c\000e}{chapter.7}% 103
\BOOKMARK [2][-]{subsection.7.2.1}{\376\377\000S\000c\000r\000i\000p\000t\000\040\000d\000e\000\040\000t\000e\000s\000t\000\040\000d\000e\000\040\000c\000h\000a\000r\000g\000e}{section.7.2}% 104
\BOOKMARK [2][-]{subsection.7.2.2}{\376\377\000R\000\351\000s\000u\000l\000t\000a\000t\000s\000\040\000o\000b\000t\000e\000n\000u\000s}{section.7.2}% 105
\BOOKMARK [1][-]{section.7.3}{\376\377\000Q\000u\000a\000l\000i\000t\000\351\000\040\000d\000u\000\040\000c\000o\000d\000e\000\040\000a\000v\000e\000c\000\040\000S\000o\000n\000a\000r\000Q\000u\000b\000e}{chapter.7}% 106
\BOOKMARK [2][-]{subsection.7.3.1}{\376\377\000C\000e\000\040\000q\000u\000e\000\040\000S\000o\000n\000a\000r\000Q\000u\000b\000e\000\040\000s\000u\000r\000v\000e\000i\000l\000l\000e}{section.7.3}% 107
\BOOKMARK [2][-]{subsection.7.3.2}{\376\377\000M\000e\000s\000\040\000r\000\351\000s\000u\000l\000t\000a\000t\000s\000\040\000a\000c\000t\000u\000e\000l\000s}{section.7.3}% 108
\BOOKMARK [2][-]{subsection.7.3.3}{\376\377\000E\000x\000e\000m\000p\000l\000e\000\040\000d\000e\000\040\000c\000o\000r\000r\000e\000c\000t\000i\000o\000n}{section.7.3}% 109
\BOOKMARK [2][-]{subsection.7.3.4}{\376\377\000I\000n\000t\000\351\000g\000r\000a\000t\000i\000o\000n\000\040\000d\000a\000n\000s\000\040\000G\000i\000t\000H\000u\000b\000\040\000A\000c\000t\000i\000o\000n\000s}{section.7.3}% 110
\BOOKMARK [1][-]{section.7.4}{\376\377\000M\000\351\000t\000r\000i\000q\000u\000e\000s\000\040\000L\000i\000g\000h\000t\000h\000o\000u\000s\000e}{chapter.7}% 111
\BOOKMARK [1][-]{section.7.5}{\376\377\000C\000e\000\040\000q\000u\000e\000\040\000j\000'\000a\000i\000\040\000a\000p\000p\000r\000i\000s}{chapter.7}% 112
\BOOKMARK [1][-]{section.7.6}{\376\377\000L\000i\000e\000n\000s\000\040\000u\000t\000i\000l\000e\000s}{chapter.7}% 113
\BOOKMARK [0][-]{chapter.8}{\376\377\000D\000\351\000p\000l\000o\000i\000e\000m\000e\000n\000t\000\040\000e\000t\000\040\000i\000n\000t\000\351\000g\000r\000a\000t\000i\000o\000n\000\040\000c\000o\000n\000t\000i\000n\000u\000e\000\040\000\050\000C\000I\000/\000C\000D\000\051}{}% 114
\BOOKMARK [1][-]{section.8.1}{\376\377\000P\000o\000u\000r\000q\000u\000o\000i\000\040\000a\000u\000t\000o\000m\000a\000t\000i\000s\000e\000r\000\040\000l\000e\000\040\000d\000\351\000p\000l\000o\000i\000e\000m\000e\000n\000t\000\040\000?}{chapter.8}% 115
\BOOKMARK [1][-]{section.8.2}{\376\377\000C\000o\000n\000t\000a\000i\000n\000e\000r\000i\000s\000a\000t\000i\000o\000n\000\040\000a\000v\000e\000c\000\040\000D\000o\000c\000k\000e\000r}{chapter.8}% 116
\BOOKMARK [2][-]{subsection.8.2.1}{\376\377\000L\000e\000\040\000b\000a\000c\000k\000e\000n\000d\000\040\000\050\000N\000o\000d\000e\000.\000j\000s\000\051}{section.8.2}% 117
\BOOKMARK [2][-]{subsection.8.2.2}{\376\377\000L\000e\000\040\000f\000r\000o\000n\000t\000e\000n\000d\000\040\000\050\000H\000T\000M\000L\000/\000C\000S\000S\000/\000J\000S\000\051}{section.8.2}% 118
\BOOKMARK [2][-]{subsection.8.2.3}{\376\377\000O\000r\000c\000h\000e\000s\000t\000r\000a\000t\000i\000o\000n\000\040\000a\000v\000e\000c\000\040\000D\000o\000c\000k\000e\000r\000\040\000C\000o\000m\000p\000o\000s\000e}{section.8.2}% 119
\BOOKMARK [1][-]{section.8.3}{\376\377\000G\000e\000s\000t\000i\000o\000n\000\040\000d\000e\000s\000\040\000s\000e\000c\000r\000e\000t\000s}{chapter.8}% 120
\BOOKMARK [1][-]{section.8.4}{\376\377\000I\000n\000t\000\351\000g\000r\000a\000t\000i\000o\000n\000\040\000c\000o\000n\000t\000i\000n\000u\000e\000\040\000\050\000C\000I\000\051\000\040\000a\000v\000e\000c\000\040\000G\000i\000t\000H\000u\000b\000\040\000A\000c\000t\000i\000o\000n\000s}{chapter.8}% 121
\BOOKMARK [2][-]{subsection.8.4.1}{\376\377\000M\000a\000\040\000p\000i\000p\000e\000l\000i\000n\000e\000\040\000C\000I}{section.8.4}% 122
\BOOKMARK [2][-]{subsection.8.4.2}{\376\377\000C\000e\000\040\000q\000u\000e\000\040\000\347\000a\000\040\000v\000\351\000r\000i\000f\000i\000e}{section.8.4}% 123
\BOOKMARK [1][-]{section.8.5}{\376\377\000D\000\351\000p\000l\000o\000i\000e\000m\000e\000n\000t\000\040\000c\000o\000n\000t\000i\000n\000u\000\040\000\050\000C\000D\000\051}{chapter.8}% 124
\BOOKMARK [2][-]{subsection.8.5.1}{\376\377\000\311\000t\000a\000p\000e\000s\000\040\000d\000u\000\040\000d\000\351\000p\000l\000o\000i\000e\000m\000e\000n\000t}{section.8.5}% 125
\BOOKMARK [2][-]{subsection.8.5.2}{\376\377\000C\000o\000m\000m\000a\000n\000d\000e\000s\000\040\000d\000e\000\040\000d\000\351\000p\000l\000o\000i\000e\000m\000e\000n\000t\000\040\000\050\000m\000a\000n\000u\000e\000l\000\040\000p\000o\000u\000r\000\040\000l\000'\000i\000n\000s\000t\000a\000n\000t\000\051}{section.8.5}% 126
\BOOKMARK [1][-]{section.8.6}{\376\377\000M\000o\000n\000i\000t\000o\000r\000i\000n\000g\000\040\000e\000t\000\040\000l\000o\000g\000s}{chapter.8}% 127
\BOOKMARK [2][-]{subsection.8.6.1}{\376\377\000L\000o\000g\000s\000\040\000a\000p\000p\000l\000i\000c\000a\000t\000i\000f\000s}{section.8.6}% 128
\BOOKMARK [2][-]{subsection.8.6.2}{\376\377\000H\000e\000a\000l\000t\000h\000\040\000c\000h\000e\000c\000k\000s}{section.8.6}% 129
\BOOKMARK [1][-]{section.8.7}{\376\377\000D\000o\000c\000u\000m\000e\000n\000t\000a\000t\000i\000o\000n\000\040\000p\000o\000u\000r\000\040\000r\000e\000p\000r\000e\000n\000d\000r\000e\000\040\000l\000e\000\040\000p\000r\000o\000j\000e\000t}{chapter.8}% 130
\BOOKMARK [2][-]{subsection.8.7.1}{\376\377\000P\000r\000\351\000r\000e\000q\000u\000i\000s}{section.8.7}% 131
\BOOKMARK [2][-]{subsection.8.7.2}{\376\377\000L\000a\000n\000c\000e\000m\000e\000n\000t}{section.8.7}% 132
\BOOKMARK [2][-]{subsection.8.7.3}{\376\377\000A\000r\000r\000\352\000t}{section.8.7}% 133
\BOOKMARK [1][-]{section.8.8}{\376\377\000C\000e\000\040\000q\000u\000e\000\040\000j\000'\000a\000i\000\040\000a\000p\000p\000r\000i\000s}{chapter.8}% 134
\BOOKMARK [0][-]{chapter.9}{\376\377\000V\000e\000i\000l\000l\000e\000\040\000t\000e\000c\000h\000n\000o\000l\000o\000g\000i\000q\000u\000e\000\040\000e\000t\000\040\000s\000\351\000c\000u\000r\000i\000t\000\351}{}% 135
\BOOKMARK [1][-]{section.9.1}{\376\377\000P\000o\000u\000r\000q\000u\000o\000i\000\040\000u\000n\000e\000\040\000v\000e\000i\000l\000l\000e\000\040\000t\000e\000c\000h\000n\000o\000l\000o\000g\000i\000q\000u\000e\000\040\000?}{chapter.9}% 136
\BOOKMARK [1][-]{section.9.2}{\376\377\000M\000a\000\040\000v\000e\000i\000l\000l\000e\000\040\000s\000u\000r\000\040\000l\000a\000\040\000s\000t\000a\000c\000k\000\040\000J\000a\000v\000a\000S\000c\000r\000i\000p\000t}{chapter.9}% 137
\BOOKMARK [2][-]{subsection.9.2.1}{\376\377\000L\000e\000s\000\040\000t\000e\000c\000h\000n\000o\000l\000o\000g\000i\000e\000s\000\040\000q\000u\000e\000\040\000j\000e\000\040\000s\000u\000r\000v\000e\000i\000l\000l\000e}{section.9.2}% 138
\BOOKMARK [2][-]{subsection.9.2.2}{\376\377\000C\000o\000m\000m\000e\000n\000t\000\040\000j\000'\000o\000r\000g\000a\000n\000i\000s\000e\000\040\000m\000a\000\040\000v\000e\000i\000l\000l\000e}{section.9.2}% 139
\BOOKMARK [2][-]{subsection.9.2.3}{\376\377\000I\000m\000p\000a\000c\000t\000\040\000d\000e\000s\000\040\000m\000i\000s\000e\000s\000\040\000\340\000\040\000j\000o\000u\000r\000\040\000s\000u\000r\000\040\000m\000o\000n\000\040\000p\000r\000o\000j\000e\000t}{section.9.2}% 140
\BOOKMARK [2][-]{subsection.9.2.4}{\376\377\000E\000x\000e\000m\000p\000l\000e\000\040\000c\000o\000n\000c\000r\000e\000t\000\040\000:\000\040\000l\000e\000\040\000p\000a\000s\000s\000a\000g\000e\000\040\000\340\000\040\000N\000o\000d\000e\000.\000j\000s\000\040\0002\0000}{section.9.2}% 141
\BOOKMARK [1][-]{section.9.3}{\376\377\000L\000a\000\040\000s\000\351\000c\000u\000r\000i\000t\000\351\000\040\000a\000u\000\040\000c\001\123\000u\000r\000\040\000d\000u\000\040\000p\000r\000o\000j\000e\000t}{chapter.9}% 142
\BOOKMARK [2][-]{subsection.9.3.1}{\376\377\000L\000e\000s\000\040\000p\000r\000o\000t\000e\000c\000t\000i\000o\000n\000s\000\040\000q\000u\000e\000\040\000j\000'\000a\000i\000\040\000m\000i\000s\000e\000s\000\040\000e\000n\000\040\000p\000l\000a\000c\000e}{section.9.3}% 143
\BOOKMARK [2][-]{subsection.9.3.2}{\376\377\000C\000h\000i\000f\000f\000r\000e\000m\000e\000n\000t\000\040\000d\000e\000s\000\040\000d\000o\000n\000n\000\351\000e\000s\000\040\000s\000e\000n\000s\000i\000b\000l\000e\000s}{section.9.3}% 144
\BOOKMARK [2][-]{subsection.9.3.3}{\376\377\000V\000a\000l\000i\000d\000a\000t\000i\000o\000n\000\040\000d\000e\000s\000\040\000e\000n\000t\000r\000\351\000e\000s}{section.9.3}% 145
\BOOKMARK [1][-]{section.9.4}{\376\377\000M\000o\000n\000i\000t\000o\000r\000i\000n\000g\000\040\000e\000t\000\040\000d\000\351\000t\000e\000c\000t\000i\000o\000n\000\040\000d\000'\000i\000n\000c\000i\000d\000e\000n\000t\000s}{chapter.9}% 146
\BOOKMARK [2][-]{subsection.9.4.1}{\376\377\000M\000\351\000t\000r\000i\000q\000u\000e\000s\000\040\000d\000e\000\040\000s\000\351\000c\000u\000r\000i\000t\000\351\000\040\000s\000u\000r\000v\000e\000i\000l\000l\000\351\000e\000s}{section.9.4}% 147
\BOOKMARK [2][-]{subsection.9.4.2}{\376\377\000P\000l\000a\000n\000\040\000d\000e\000\040\000r\000\351\000p\000o\000n\000s\000e\000\040\000a\000u\000x\000\040\000i\000n\000c\000i\000d\000e\000n\000t\000s}{section.9.4}% 148
\BOOKMARK [1][-]{section.9.5}{\376\377\000A\000m\000\351\000l\000i\000o\000r\000a\000t\000i\000o\000n\000\040\000c\000o\000n\000t\000i\000n\000u\000e}{chapter.9}% 149
\BOOKMARK [2][-]{subsection.9.5.1}{\376\377\000O\000b\000j\000e\000c\000t\000i\000f\000s\000\040\000p\000o\000u\000r\000\040\000l\000e\000s\000\040\000p\000r\000o\000c\000h\000a\000i\000n\000s\000\040\000m\000o\000i\000s}{section.9.5}% 150
\BOOKMARK [2][-]{subsection.9.5.2}{\376\377\000L\000'\000i\000n\000t\000\351\000g\000r\000a\000t\000i\000o\000n\000\040\000d\000a\000n\000s\000\040\000l\000a\000\040\000C\000I\000/\000C\000D}{section.9.5}% 151
\BOOKMARK [1][-]{section.9.6}{\376\377\000C\000e\000\040\000q\000u\000e\000\040\000j\000'\000a\000i\000\040\000a\000p\000p\000r\000i\000s}{chapter.9}% 152
\BOOKMARK [1][-]{section.9.7}{\376\377\000L\000i\000e\000n\000s\000\040\000u\000t\000i\000l\000e\000s}{chapter.9}% 153
\BOOKMARK [0][-]{chapter.10}{\376\377\000B\000i\000l\000a\000n\000\040\000e\000t\000\040\000r\000e\000t\000o\000u\000r\000\040\000d\000'\000e\000x\000p\000\351\000r\000i\000e\000n\000c\000e\000\040\000\050\000R\000E\000X\000\051}{}% 154
\BOOKMARK [1][-]{section.10.1}{\376\377\000O\000b\000j\000e\000c\000t\000i\000f\000s\000\040\000a\000t\000t\000e\000i\000n\000t\000s\000\040\000e\000t\000\040\000n\000o\000n\000\040\000a\000t\000t\000e\000i\000n\000t\000s}{chapter.10}% 155
\BOOKMARK [1][-]{section.10.2}{\376\377\000D\000i\000f\000f\000i\000c\000u\000l\000t\000\351\000s\000\040\000r\000e\000n\000c\000o\000n\000t\000r\000\351\000e\000s\000\040\000e\000t\000\040\000s\000o\000l\000u\000t\000i\000o\000n\000s}{chapter.10}% 156
\BOOKMARK [1][-]{section.10.3}{\376\377\000D\000e\000t\000t\000e\000s\000\040\000t\000e\000c\000h\000n\000i\000q\000u\000e\000s\000\040\000e\000t\000\040\000a\000p\000p\000r\000e\000n\000t\000i\000s\000s\000a\000g\000e\000s}{chapter.10}% 157
\BOOKMARK [1][-]{section.10.4}{\376\377\000L\000i\000e\000n\000s\000\040\000u\000t\000i\000l\000e\000s}{chapter.10}% 158
\BOOKMARK [0][-]{chapter.11}{\376\377\000C\000o\000n\000c\000l\000u\000s\000i\000o\000n\000\040\000e\000t\000\040\000r\000e\000m\000e\000r\000c\000i\000e\000m\000e\000n\000t\000s}{}% 159
\BOOKMARK [1][-]{section.11.1}{\376\377\000S\000y\000n\000t\000h\000\350\000s\000e\000\040\000d\000u\000\040\000p\000r\000o\000j\000e\000t}{chapter.11}% 160
\BOOKMARK [1][-]{section.11.2}{\376\377\000P\000e\000r\000s\000p\000e\000c\000t\000i\000v\000e\000s\000\040\000d\000'\000\351\000v\000o\000l\000u\000t\000i\000o\000n}{chapter.11}% 161
\BOOKMARK [1][-]{section.11.3}{\376\377\000R\000e\000m\000e\000r\000c\000i\000e\000m\000e\000n\000t\000s}{chapter.11}% 162
\BOOKMARK [1][-]{section.11.4}{\376\377\000D\000\351\000p\000l\000o\000i\000e\000m\000e\000n\000t\000\040\000e\000t\000\040\000d\000o\000c\000u\000m\000e\000n\000t\000a\000t\000i\000o\000n}{chapter.11}% 163
\BOOKMARK [2][-]{subsection.11.4.1}{\376\377\000D\000o\000c\000k\000e\000r}{section.11.4}% 164
\BOOKMARK [2][-]{subsection.11.4.2}{\376\377\000G\000i\000t\000H\000u\000b\000\040\000\050\000c\000o\000d\000e\000\040\000s\000o\000u\000r\000c\000e\000\051}{section.11.4}% 165
\BOOKMARK [2][-]{subsection.11.4.3}{\376\377\000C\000I\000/\000C\000D}{section.11.4}% 166
\BOOKMARK [2][-]{subsection.11.4.4}{\376\377\000S\000o\000n\000a\000r\000Q\000u\000b\000e}{section.11.4}% 167
\BOOKMARK [2][-]{subsection.11.4.5}{\376\377\000S\000w\000a\000g\000g\000e\000r}{section.11.4}% 168
\BOOKMARK [1][-]{section.11.5}{\376\377\000L\000i\000e\000n\000s\000\040\000u\000t\000i\000l\000e\000s}{chapter.11}% 169
